<?xml version="1.0" encoding="UTF-8"?>
<testng-results ignored="0" total="1" passed="1" failed="0" skipped="0">
  <reporter-output>
  </reporter-output>
  <suite started-at="2021-03-18T10:41:07Z" name="Default suite" finished-at="2021-03-18T10:41:30Z" duration-ms="23065">
    <groups>
    </groups>
    <test started-at="2021-03-18T10:41:07Z" name="Default test" finished-at="2021-03-18T10:41:30Z" duration-ms="23065">
      <class name="com.selenium.tests.SalesForce">
        <test-method is-config="true" signature="setup()[pri:0, instance:com.selenium.tests.SalesForce@1ed6388a]" started-at="2021-03-18T10:41:07Z" name="setup" finished-at="2021-03-18T10:41:30Z" duration-ms="23037" status="PASS">
          <reporter-output>
          </reporter-output>
        </test-method> <!-- setup -->
        <test-method signature="launchSalesforce()[pri:0, instance:com.selenium.tests.SalesForce@1ed6388a]" started-at="2021-03-18T10:41:30Z" name="launchSalesforce" finished-at="2021-03-18T10:41:30Z" duration-ms="10" status="PASS">
          <reporter-output>
          </reporter-output>
        </test-method> <!-- launchSalesforce -->
        <test-method is-config="true" signature="tearDown()[pri:0, instance:com.selenium.tests.SalesForce@1ed6388a]" started-at="2021-03-18T10:41:30Z" name="tearDown" finished-at="2021-03-18T10:41:30Z" duration-ms="1" status="PASS">
          <reporter-output>
          </reporter-output>
        </test-method> <!-- tearDown -->
      </class> <!-- com.selenium.tests.SalesForce -->
    </test> <!-- Default test -->
  </suite> <!-- Default suite -->
</testng-results>
